JYK 3/build/outputs/mapping/debug/seeds.txt
com.newland.payment.R
com.newland.payment.R$anim
com.newland.payment.R$anim: int translate_bottom_in
com.newland.payment.R$anim: int translate_bottom_out
com.newland.payment.R$array
com.newland.payment.R$array: int trans_type
com.newland.payment.R$attr
com.newland.payment.R$attr: int behindOffset
com.newland.payment.R$attr: int behindScrollScale
com.newland.payment.R$attr: int behindWidth
com.newland.payment.R$attr: int cacheColorHint
com.newland.payment.R$attr: int columnWidth
com.newland.payment.R$attr: int drawSelectorOnTop
com.newland.payment.R$attr: int fadeDegree
com.newland.payment.R$attr: int fadeEnabled
com.newland.payment.R$attr: int gpvGridColor
com.newland.payment.R$attr: int gpvLineColor
com.newland.payment.R$attr: int gpvLineWidth
com.newland.payment.R$attr: int gpvPasswordLength
com.newland.payment.R$attr: int gpvPasswordTransformation
com.newland.payment.R$attr: int gpvPasswordType
com.newland.payment.R$attr: int gpvTextColor
com.newland.payment.R$attr: int gpvTextSize
com.newland.payment.R$attr: int gravity
com.newland.payment.R$attr: int gridViewStyle
com.newland.payment.R$attr: int horizontalSpacing
com.newland.payment.R$attr: int listSelector
com.newland.payment.R$attr: int mode
com.newland.payment.R$attr: int numColumns
com.newland.payment.R$attr: int numRows
com.newland.payment.R$attr: int rowHeight
com.newland.payment.R$attr: int scrollDirectionLandscape
com.newland.payment.R$attr: int scrollDirectionPortrait
com.newland.payment.R$attr: int scrollingCache
com.newland.payment.R$attr: int selectorDrawable
com.newland.payment.R$attr: int selectorEnabled
com.newland.payment.R$attr: int shadowDrawable
com.newland.payment.R$attr: int shadowWidth
com.newland.payment.R$color
com.newland.payment.R$color: int common_bg
com.newland.payment.R$color: int mainBgColor
com.newland.payment.R$color: int mainColor
com.newland.payment.R$color: int pb_timeout_bg
com.newland.payment.R$color: int transparent
com.newland.payment.R$color: int white
com.newland.payment.R$dimen
com.newland.payment.R$dimen: int dp0
com.newland.payment.R$dimen: int dp1
com.newland.payment.R$dimen: int dp10
com.newland.payment.R$dimen: int dp100
com.newland.payment.R$dimen: int dp11
com.newland.payment.R$dimen: int dp110
com.newland.payment.R$dimen: int dp12
com.newland.payment.R$dimen: int dp120
com.newland.payment.R$dimen: int dp122
com.newland.payment.R$dimen: int dp127
com.newland.payment.R$dimen: int dp13
com.newland.payment.R$dimen: int dp135
com.newland.payment.R$dimen: int dp14
com.newland.payment.R$dimen: int dp140
com.newland.payment.R$dimen: int dp148
com.newland.payment.R$dimen: int dp15
com.newland.payment.R$dimen: int dp16
com.newland.payment.R$dimen: int dp160
com.newland.payment.R$dimen: int dp17
com.newland.payment.R$dimen: int dp18
com.newland.payment.R$dimen: int dp2
com.newland.payment.R$dimen: int dp20
com.newland.payment.R$dimen: int dp22
com.newland.payment.R$dimen: int dp226
com.newland.payment.R$dimen: int dp230
com.newland.payment.R$dimen: int dp24
com.newland.payment.R$dimen: int dp240
com.newland.payment.R$dimen: int dp25
com.newland.payment.R$dimen: int dp26
com.newland.payment.R$dimen: int dp27
com.newland.payment.R$dimen: int dp28
com.newland.payment.R$dimen: int dp3
com.newland.payment.R$dimen: int dp30
com.newland.payment.R$dimen: int dp32
com.newland.payment.R$dimen: int dp33
com.newland.payment.R$dimen: int dp330
com.newland.payment.R$dimen: int dp34
com.newland.payment.R$dimen: int dp35
...
com.newland.pos.sdk.util.BytesUtils
com.newland.pos.sdk.util.BytesUtils: java.lang.String GBK
com.newland.pos.sdk.util.BytesUtils: java.lang.String UTF8
com.newland.pos.sdk.util.BytesUtils: char[] ascii
com.newland.pos.sdk.util.BytesUtils: char[] HEX_VOCABLE
com.newland.pos.sdk.util.BytesUtils: void <clinit>()
com.newland.pos.sdk.util.BytesUtils: BytesUtils()
com.newland.pos.sdk.util.BytesUtils: byte[] getBytes(short)
com.newland.pos.sdk.util.BytesUtils: byte[] getBytes(char)
com.newland.pos.sdk.util.BytesUtils: byte[] getBytes(boolean)
com.newland.pos.sdk.util.BytesUtils: byte[] getBytes(int)
com.newland.pos.sdk.util.BytesUtils: byte[] getBytes(long)
com.newland.pos.sdk.util.BytesUtils: byte[] getBytes(float)
com.newland.pos.sdk.util.BytesUtils: byte[] getBytes(double)
com.newland.pos.sdk.util.BytesUtils: byte[] getBytes(java.lang.String,java.lang.String)
com.newland.pos.sdk.util.BytesUtils: byte[] getBytes(java.lang.String)
com.newland.pos.sdk.util.BytesUtils: boolean getBoolean(byte[])
com.newland.pos.sdk.util.BytesUtils: boolean getBoolean(byte[],int)
com.newland.pos.sdk.util.BytesUtils: short getShort(byte[])
com.newland.pos.sdk.util.BytesUtils: short getShort(byte[],int)
com.newland.pos.sdk.util.BytesUtils: char getChar(byte[])
com.newland.pos.sdk.util.BytesUtils: char getChar(byte[],int)
com.newland.pos.sdk.util.BytesUtils: int getInt(byte[])
com.newland.pos.sdk.util.BytesUtils: int getInt(byte[],int)
com.newland.pos.sdk.util.BytesUtils: long getLong(byte[])
com.newland.pos.sdk.util.FormatUtils
com.newland.pos.sdk.util.FormatUtils: FormatUtils()
com.newland.pos.sdk.util.FormatUtils: java.lang.String formatAmount(java.lang.String)
com.newland.pos.sdk.util.FormatUtils: java.lang.String formatAmount(java.lang.String,int)
com.newland.pos.sdk.util.FormatUtils: java.lang.String formatCardNoWithSpace(java.lang.String)
com.newland.pos.sdk.util.FormatUtils: java.lang.String formatCardNoWithStar(java.lang.String)
com.newland.pos.sdk.util.FormatUtils: java.lang.String formatPhoneNumberWithStar(java.lang.String)
com.newland.pos.sdk.util.FormatUtils: java.lang.String timeFormat(java.lang.String,java.lang.String)
com.newland.pos.sdk.util.FormatUtils: java.lang.String timeFormat(java.lang.String)
com.newland.pos.sdk.util.FormatUtils: java.lang.String getDate(java.lang.String)
com.newland.pos.sdk.util.FormatUtils: java.lang.String formatMount(java.lang.String)
com.newland.pos.sdk.util.FormatUtils: java.lang.String formatPhoneNo(java.lang.String)
com.newland.pos.sdk.util.FormatUtils: java.lang.String getCurrencyIdentify(java.lang.String)
com.newland.pos.sdk.util.FormatUtils: java.lang.String getCurrencyUnit(java.lang.String)
com.newland.pos.sdk.util.FormatUtils: java.lang.String getCurrencySymbol(java.lang.String)