JYK 3/build/outputs/mapping/debug/mapping.txt
com.newland.payment.R -> com.newland.payment.R:
    void <init>() -> <init>
com.newland.payment.R$anim -> com.newland.payment.R$anim:
    int translate_bottom_in -> translate_bottom_in
    int translate_bottom_out -> translate_bottom_out
    void <init>() -> <init>
    void <clinit>() -> <clinit>
com.newland.payment.R$array -> com.newland.payment.R$array:
    int trans_type -> trans_type
    void <init>() -> <init>
    void <clinit>() -> <clinit>
com.newland.payment.R$attr -> com.newland.payment.R$attr:
    int behindOffset -> behindOffset
    int behindScrollScale -> behindScrollScale
    int behindWidth -> behindWidth
    int cacheColorHint -> cacheColorHint
    int columnWidth -> columnWidth
    int drawSelectorOnTop -> drawSelectorOnTop
    int fadeDegree -> fadeDegree
    int fadeEnabled -> fadeEnabled
    int gpvGridColor -> gpvGridColor
    int gpvLineColor -> gpvLineColor
    int gpvLineWidth -> gpvLineWidth
    int gpvPasswordLength -> gpvPasswordLength
    int gpvPasswordTransformation -> gpvPasswordTransformation
    int gpvPasswordType -> gpvPasswordType
    int gpvTextColor -> gpvTextColor
    int gpvTextSize -> gpvTextSize
    int gravity -> gravity
    int gridViewStyle -> gridViewStyle
    int horizontalSpacing -> horizontalSpacing
    int listSelector -> listSelector
    int mode -> mode
    int numColumns -> numColumns
    int numRows -> numRows
    int rowHeight -> rowHeight
    int scrollDirectionLandscape -> scrollDirectionLandscape
    int scrollDirectionPortrait -> scrollDirectionPortrait
    int scrollingCache -> scrollingCache
    int selectorDrawable -> selectorDrawable
    int selectorEnabled -> selectorEnabled
    int shadowDrawable -> shadowDrawable
    int shadowWidth -> shadowWidth
    int smoothScrollbar -> smoothScrollbar
    int stackFromBottom -> stackFromBottom
    int stretchMode -> stretchMode
    int touchModeAbove -> touchModeAbove
    int touchModeBehind -> touchModeBehind
com.newland.payment.R$color -> com.newland.payment.R$color:
    int common_bg -> common_bg
    int mainBgColor -> mainBgColor
    int mainColor -> mainColor
    int pb_timeout_bg -> pb_timeout_bg
    int transparent -> transparent
    int white -> white
    void <init>() -> <init>
    void <clinit>() -> <clinit>
com.newland.payment.R$dimen -> com.newland.payment.R$dimen:
    int dp0 -> dp0
    int dp1 -> dp1
    int dp10 -> dp10
    int dp100 -> dp100
    int dp11 -> dp11
    int dp110 -> dp110
    int dp12 -> dp12
    int dp120 -> dp120
    int dp122 -> dp122
    int dp127 -> dp127
    int dp13 -> dp13
    int dp135 -> dp135
    int dp14 -> dp14
    int dp140 -> dp140
    int dp148 -> dp148
    int dp15 -> dp15
    int dp16 -> dp16
    int dp160 -> dp160
    int dp17 -> dp17
    int dp18 -> dp18
    int dp2 -> dp2
    int dp20 -> dp20
    int dp22 -> dp22
    int dp226 -> dp226
    int dp230 -> dp230
    int dp24 -> dp24
    int dp240 -> dp240
    int dp25 -> dp25
    int dp26 -> dp26
    int dp27 -> dp27
    int dp28 -> dp28
    int dp3 -> dp3
    int dp30 -> dp30
    int dp32 -> dp32
    int dp33 -> dp33
    int dp330 -> dp330
    int dp34 -> dp34
    int dp35 -> dp35
    int dp350 -> dp350
    int dp36 -> dp36
    int dp360 -> dp360
    int dp38 -> dp38
    int dp4 -> dp4
    int dp40 -> dp40
    int dp400 -> dp400
    int dp42 -> dp42
    int dp43 -> dp43
    int dp44 -> dp44
    int dp46 -> dp46
    int dp48 -> dp48
    int dp49 -> dp49
    int dp5 -> dp5
    int dp50 -> dp50
    int dp56 -> dp56
    int dp570 -> dp570
    int dp6 -> dp6
    int dp60 -> dp60
    int dp7 -> dp7
    int dp70 -> dp70
    int dp8 -> dp8
    int dp80 -> dp80
    int dp84 -> dp84
    int dp92 -> dp92
    int keyboard_number_height_91 -> keyboard_number_height_91
...
com.newland.mtms.imp.f -> com.newland.mtms.imp.f:
    com.newland.mtms.imp.a.d a -> a
    java.lang.String a -> a
    android.content.Context a -> a
    void <init>(android.content.Context) -> <init>
    boolean commit(java.io.File) -> commit
    boolean commit(java.lang.String,byte[]) -> commit
    boolean delect(java.lang.String) -> delect
    java.io.InputStream query(java.lang.String) -> query
com.newland.mtms.imp.service.K21KernelService -> com.newland.mtms.imp.service.K21KernelService:
    com.newland.mtms.imp.a.d a -> a
    com.newland.mtype.util.SimIdGenerator a -> a
    com.newland.mtype.DeviceDriver a -> a
    com.newland.mtype.Device a -> a
    android.os.Binder a -> a
    java.lang.StringBuilder a -> a
    java.lang.String a -> a
    void <clinit>() -> <clinit>
    void <init>() -> <init>
    void onCreate() -> onCreate
    int onStartCommand(android.content.Intent,int,int) -> onStartCommand
    android.os.IBinder onBind(android.content.Intent) -> onBind
    boolean onUnbind(android.content.Intent) -> onUnbind
    void a() -> a
    void a(com.newland.mtype.Device) -> a
    void b() -> b
    void onDestroy() -> onDestroy
    com.newland.mtms.imp.a.d a() -> a
    com.newland.mtype.Device a(com.newland.mtms.imp.service.K21KernelService) -> a
    void a(com.newland.mtms.imp.service.K21KernelService,com.newland.mtype.Device) -> a
com.newland.mtms.imp.service.K21KernelService$1 -> com.newland.mtms.imp.service.K21KernelService$1:
    com.newland.mtms.imp.service.K21KernelService a -> a
    void <init>(com.newland.mtms.imp.service.K21KernelService) -> <init>
    void run() -> run
com.newland.mtms.imp.service.K21KernelService$2 -> com.newland.mtms.imp.service.K21KernelService$2:
    com.newland.mtms.imp.service.K21KernelService a -> a
    void <init>(com.newland.mtms.imp.service.K21KernelService) -> <init>
com.newland.mtms.imp.service.K21KernelService$a -> com.newland.mtms.imp.service.K21KernelService$a:
    java.lang.Long a -> a
    com.newland.mtms.imp.service.K21KernelService a -> a
    void <init>(com.newland.mtms.imp.service.K21KernelService,java.lang.Long) -> <init>
com.newland.mtms.imp.service.K21KernelService$b -> com.newland.mtms.imp.service.K21KernelService$b:
    com.newland.mtms.imp.service.K21KernelService a -> a
    void <init>(com.newland.mtms.imp.service.K21KernelService) -> <init>
com.newland.mtms.imp.service.readDbService -> com.newland.mtms.imp.service.readDbService:
    com.newland.mtms.imp.a.d a -> a
    com.newland.mtype.util.SimIdGenerator a -> a
    com.newland.mtype.DeviceDriver a -> a
    com.newland.mtype.Device a -> a
    android.os.Binder a -> a
    java.lang.StringBuilder a -> a
    java.lang.String a -> a
    void <clinit>() -> <clinit>
    void <init>() -> <init>
    void onCreate() -> onCreate
    int onStartCommand(android.content.Intent,int,int) -> onStartCommand
    android.os.IBinder onBind(android.content.Intent) -> onBind
    boolean onUnbind(android.content.Intent) -> onUnbind
    void a() -> a
    void a(com.newland.mtype.Device) -> a
    void b() -> b
    void onDestroy() -> onDestroy
    com.newland.mtms.imp.a.d a() -> a
    com.newland.mtype.Device a(com.newland.mtms.imp.service.readDbService) -> a
    void a(com.newland.mtms.imp.service.readDbService,com.newland.mtype.Device) -> a
com.newland.mtms.imp.service.readDbService$1 -> com.newland.mtms.imp.service.readDbService$1:
    com.newland.mtms.imp.service.readDbService a -> a
    void <init>(com.newland.mtms.imp.service.readDbService) -> <init>
    void run() -> run
com.newland.mtms.imp.service.readDbService$2 -> com.newland.mtms.imp.service.readDbService$2:
    com.newland.mtms.imp.service.readDbService a -> a
    void <init>(com.newland.mtms.imp.service.readDbService) -> <init>