JYK 3/build/outputs/mapping/debug/usage.txt
com.newland.payment.BuildConfig
com.newland.payment.aidl.IManagerService$Stub$Proxy:
    77:77:public java.lang.String getInterfaceDescriptor()
com.newland.payment.aidl.IPaymentService$Stub$Proxy:
    153:153:public java.lang.String getInterfaceDescriptor()
com.newland.payment.common.Const:
    public static final java.lang.String YES
    public static final java.lang.String NO
    public static final int USER_NO_SIZE
    public static final int PAGE_SIZE
    public static final int SIGNATURE_MAX_LEN
    public static final java.lang.String SIGNATURE_FAIL_FLAG
    public static final java.lang.String APPS_NAME
    9:9:public Const()
com.newland.payment.common.Const$DIGITS
com.newland.payment.common.Const$DataEncryptWKIndexConst
com.newland.payment.common.Const$DateWheelType
com.newland.payment.common.Const$DealRequest
com.newland.payment.common.Const$DesMode
com.newland.payment.common.Const$DeviceErrorCode
com.newland.payment.common.Const$ElecSignType
com.newland.payment.common.Const$FileConst
com.newland.payment.common.Const$MKIndexConst
com.newland.payment.common.Const$MacType
com.newland.payment.common.Const$MacWKIndexConst
com.newland.payment.common.Const$PathConst:
    78:78:public Const$PathConst()
com.newland.payment.common.Const$PinWKIndexConst
com.newland.payment.common.Const$PrintStyleConst:
    86:86:public Const$PrintStyleConst()
com.newland.payment.common.Const$ScreenType
com.newland.payment.common.Const$SettingDateType
com.newland.payment.common.Const$SoundType
com.newland.payment.common.Const$UserType
com.newland.payment.common.Const$WorkKeyType
com.newland.payment.common.ParamsConst
com.newland.payment.common.ParamsTrans
com.newland.payment.common.PrintType:
    public static final java.lang.String PRINT_WATER_WITHOUT_ENGLISH
    public static final java.lang.String PRINT_WATER_WITH_ENGLISH
    3:3:public PrintType()
com.newland.payment.common.ThirdTransType
com.newland.payment.common.TransConst:
    public static final long POS_MAX_AMOUNT
    public static final int STEP_FINAL
    public static final java.lang.String CURRENCY_CODE
    4:4:public TransConst()
com.newland.payment.common.TransConst$AccountStatus
com.newland.payment.common.TransConst$CardBeanConst
com.newland.payment.common.TransConst$CommonBeanConst
com.newland.payment.common.TransConst$DateBeanConst
com.newland.payment.common.TransConst$EmvStatus
com.newland.payment.common.TransConst$FuncKeyFlag
com.newland.payment.common.TransConst$InputInfoBeanConst
com.newland.payment.common.TransConst$Maintk
com.newland.payment.common.TransConst$MenuSelectBeanConst
com.newland.payment.common.TransConst$MessageBeanConst
com.newland.payment.common.TransConst$ReadcardType
com.newland.payment.common.TransConst$ReverseReasonCode
com.newland.payment.common.TransConst$SendStatus
com.newland.payment.common.TransConst$SettlementTableTypeConst
com.newland.payment.common.TransConst$TransDeal
com.newland.payment.common.TransConst$TransStatus
com.newland.payment.common.TransType
com.newland.payment.common.dao.DbHelper:
    public static final java.lang.String DB_NAME
    public static final int DB_VERSION
com.newland.payment.common.tools.AnswerCodeHelper:
    21:21:public AnswerCodeHelper()
com.newland.payment.common.tools.BankCodeHelper:
    22:22:public BankCodeHelper()
com.newland.payment.common.tools.PrintModelUtils:
    49:49:public PrintModelUtils()
com.newland.payment.common.tools.SocketHelper:
    private static final long connectTime
    581:581:public boolean isCommMode()
    585:586:public void setCommMode(boolean)
com.newland.payment.interfaces.OnConfirmListener
com.newland.payment.interfaces.OnKeyBoardActionListener
com.newland.payment.interfaces.OnKeyBoardValueChangeListener:
    public abstract void onChange(java.lang.String)
com.newland.payment.mvc.DuplicatedScriptResultException
...
com.newland.base.ActivityManager:
    17:17:public ActivityManager()
    36:41:public static void delActivity(android.app.Activity)
    48:53:public static android.app.Activity getTopActivity()
    74:82:public static void finishAllActivityExcludeActivity(java.lang.String)
    88:88:public static int size()
com.newland.base.CommonThread:
    159:159:public boolean isRunning()
com.newland.base.dao.BaseDao:
    441:452:private static boolean isBasicType(java.lang.Class)
    470:473:public static java.lang.Class getBasicClass(java.lang.Class)
    512:520:private java.lang.String getDBColumnType(java.lang.reflect.Field)
    526:551:public void createTableIfNotExist()
    554:556:public void dropTable()
com.newland.base.util.AmountUtils:
    13:13:public AmountUtils()
    45:47:public static double fen2yuan(long,int)
    55:57:public static java.lang.String fen2yuan(long)
    61:62:public static void main(java.lang.String[])
com.newland.base.util.AndroidTools:
    private static android.net.ConnectivityManager connectivityManager
    43:43:public AndroidTools()
    47:50:private static android.net.NetworkInfo getNetworkInfo(android.content.Context)
    59:64:public static boolean isHaveInternet(android.content.Context)
    74:79:public static boolean isWifiConnect(android.content.Context)
    88:93:public static boolean isMobileConnect(android.content.Context)
    125:138:public static boolean isInBackground(android.content.Context)
    146:147:public static void reStartApp(android.content.Context)
    156:161:public static void reStartApp(android.content.Context,long)
    222:232:public static void setStatusBarVisiable(android.app.Activity,boolean)
com.newland.base.util.CommunicationUtils:
    private static final int CDMA
    private static final int GPRS
    private static final int WIFI
    private static final int CM
    private static final int CU
    private static final int CT
    18:18:public CommunicationUtils()
    106:114:public static java.lang.String getPreferWifi(android.content.Context)
    377:377:public static java.lang.String getName()
    385:386:public static void setName(java.lang.String)
    412:412:public static java.lang.String getMcc()
    420:421:public static void setMcc(java.lang.String)
    429:429:public static java.lang.String getMnc()
    437:438:public static void setMnc(java.lang.String)
com.newland.base.util.DisplayUtils:
    14:14:public DisplayUtils()
    24:25:public static int px2dip(android.content.Context,float)
    50:51:public static int px2sp(android.content.Context,float)
    63:64:public static int sp2px(android.content.Context,float)
    75:76:public static int px2dip(android.content.Context,int)
    114:115:public static int sp2px(android.content.Context,int)
    149:150:public static void setLucency(android.widget.TextView)